2016-02-26 21:26:34,946 [Start Help Server] INFO  org.eclipse.jetty.util.log - Logging initialized @193537ms
2016-02-26 21:26:35,564 [Start Help Server] INFO  org.eclipse.jetty.server.Server - jetty-9.2.13.v20150730
2016-02-26 21:26:35,643 [Start Help Server] INFO  o.e.j.server.handler.ContextHandler - Started o.e.j.s.ServletContextHandler@4bcfa74f{/help,null,AVAILABLE}
2016-02-26 21:26:35,768 [Start Help Server] INFO  o.e.jetty.server.ServerConnector - Started ServerConnector@6df82a72{HTTP/1.1}{127.0.0.1:56884}
2016-02-26 21:26:35,768 [Start Help Server] INFO  org.eclipse.jetty.server.Server - Started @194360ms
2016-02-26 21:52:33,857 [Worker-16] INFO  c.g.t.t.d.PublishedGradleVersions - Gradle version information cache file is not available. Remote download required.
2016-03-03 19:57:19,095 [Start Help Server] INFO  org.eclipse.jetty.util.log - Logging initialized @13666ms
2016-03-03 19:57:19,191 [Start Help Server] INFO  org.eclipse.jetty.server.Server - jetty-9.2.13.v20150730
2016-03-03 19:57:19,243 [Start Help Server] INFO  o.e.j.server.handler.ContextHandler - Started o.e.j.s.ServletContextHandler@7f6485e3{/help,null,AVAILABLE}
2016-03-03 19:57:19,264 [Start Help Server] INFO  o.e.jetty.server.ServerConnector - Started ServerConnector@6bf3558c{HTTP/1.1}{127.0.0.1:51707}
2016-03-03 19:57:19,264 [Start Help Server] INFO  org.eclipse.jetty.server.Server - Started @13838ms
2016-03-03 20:38:02,220 [Worker-11] INFO  c.g.t.t.d.PublishedGradleVersions - Gradle version information cache file is not available. Remote download required.
2016-03-04 21:40:34,247 [Start Help Server] INFO  org.eclipse.jetty.util.log - Logging initialized @177640ms
2016-03-04 21:40:34,336 [Start Help Server] INFO  org.eclipse.jetty.server.Server - jetty-9.2.13.v20150730
2016-03-04 21:40:34,364 [Start Help Server] INFO  o.e.j.server.handler.ContextHandler - Started o.e.j.s.ServletContextHandler@c0d65ff{/help,null,AVAILABLE}
2016-03-04 21:40:34,377 [Start Help Server] INFO  o.e.jetty.server.ServerConnector - Started ServerConnector@7580563{HTTP/1.1}{127.0.0.1:49873}
2016-03-04 21:40:34,378 [Start Help Server] INFO  org.eclipse.jetty.server.Server - Started @177775ms
2016-03-07 19:32:37,081 [Start Help Server] INFO  org.eclipse.jetty.util.log - Logging initialized @220903ms
2016-03-07 19:32:37,181 [Start Help Server] INFO  org.eclipse.jetty.server.Server - jetty-9.2.13.v20150730
2016-03-07 19:32:37,208 [Start Help Server] INFO  o.e.j.server.handler.ContextHandler - Started o.e.j.s.ServletContextHandler@2fa04dda{/help,null,AVAILABLE}
2016-03-07 19:32:37,220 [Start Help Server] INFO  o.e.jetty.server.ServerConnector - Started ServerConnector@5ece9030{HTTP/1.1}{127.0.0.1:49972}
2016-03-07 19:32:37,221 [Start Help Server] INFO  org.eclipse.jetty.server.Server - Started @221045ms
2016-03-07 19:34:55,505 [Stop Help Server] INFO  o.e.jetty.server.ServerConnector - Stopped ServerConnector@5ece9030{HTTP/1.1}{127.0.0.1:0}
2016-03-07 19:34:55,524 [Stop Help Server] INFO  o.e.j.server.handler.ContextHandler - Stopped o.e.j.s.ServletContextHandler@2fa04dda{/help,null,UNAVAILABLE}
2016-03-07 19:35:32,633 [Start Help Server] INFO  org.eclipse.jetty.util.log - Logging initialized @10284ms
2016-03-07 19:35:32,732 [Start Help Server] INFO  org.eclipse.jetty.server.Server - jetty-9.2.13.v20150730
2016-03-07 19:35:32,771 [Start Help Server] INFO  o.e.j.server.handler.ContextHandler - Started o.e.j.s.ServletContextHandler@734e57cb{/help,null,AVAILABLE}
2016-03-07 19:35:32,793 [Start Help Server] INFO  o.e.jetty.server.ServerConnector - Started ServerConnector@4f74e457{HTTP/1.1}{127.0.0.1:50051}
2016-03-07 19:35:32,793 [Start Help Server] INFO  org.eclipse.jetty.server.Server - Started @10447ms
2016-03-07 19:48:48,042 [main] INFO  c.g.t.t.d.PublishedGradleVersions - Gradle version information cache file is not available. Remote download required.
2016-03-28 19:59:22,891 [Start Help Server] INFO  org.eclipse.jetty.util.log - Logging initialized @315977ms
2016-03-28 19:59:23,071 [Start Help Server] INFO  org.eclipse.jetty.server.Server - jetty-9.2.13.v20150730
2016-03-28 19:59:23,479 [Start Help Server] INFO  o.e.j.server.handler.ContextHandler - Started o.e.j.s.ServletContextHandler@1b2d6343{/help,null,AVAILABLE}
2016-03-28 19:59:23,608 [Start Help Server] INFO  o.e.jetty.server.ServerConnector - Started ServerConnector@43a2a9a7{HTTP/1.1}{127.0.0.1:64406}
2016-03-28 19:59:23,609 [Start Help Server] INFO  org.eclipse.jetty.server.Server - Started @316698ms
2016-03-28 20:12:59,664 [main] INFO  c.g.t.t.d.PublishedGradleVersions - Gradle version information cache file is not available. Remote download required.
